# JRE version: OpenJDK Runtime Environment (17.0.6) (build 17.0.6+0-17.0.6b829.9-10027231)
# Java VM: OpenJDK 64-Bit Server VM (17.0.6+0-17.0.6b829.9-10027231, mixed mode, tiered, compressed oops, compressed class ptrs, g1 gc, linux-amd64)
GC Precious Log:
 CPUs: 8 total, 8 available
 Memory: 7805M
 Large Page Support: Disabled
 NUMA Support: Disabled
 Compressed Oops: Enabled (32-bit)
 Heap Region Size: 1M
 Heap Min Capacity: 8M
 Heap Initial Capacity: 122M
 Heap Max Capacity: 2G
 Pre-touch: Disabled
 Parallel Workers: 8
 Concurrent Workers: 2
 Concurrent Refinement Workers: 8
 Periodic GC: Disabled
Heap:
 garbage-first heap   total 282624K, used 237144K [0x0000000080000000, 0x0000000100000000)
  region size 1024K, 103 young (105472K), 4 survivors (4096K)
 Metaspace       used 127532K, committed 128448K, reserved 1163264K
  class space    used 17966K, committed 18432K, reserved 1048576K
GC Heap History (20 events):
Event: 9,306 GC heap after
{Heap after GC invocations=32 (full 0):
 garbage-first heap   total 141312K, used 74229K [0x0000000080000000, 0x0000000100000000)
  region size 1024K, 1 young (1024K), 1 survivors (1024K)
 Metaspace       used 84970K, committed 85568K, reserved 1130496K
  class space    used 11618K, committed 11904K, reserved 1048576K
}
Event: 9,738 GC heap before
{Heap before GC invocations=32 (full 0):
 garbage-first heap   total 141312K, used 113141K [0x0000000080000000, 0x0000000100000000)
  region size 1024K, 39 young (39936K), 1 survivors (1024K)
 Metaspace       used 89069K, committed 89664K, reserved 1130496K
  class space    used 12255K, committed 12480K, reserved 1048576K
}
Event: 9,740 GC heap after
{Heap after GC invocations=33 (full 0):
 garbage-first heap   total 141312K, used 75838K [0x0000000080000000, 0x0000000100000000)
  region size 1024K, 3 young (3072K), 3 survivors (3072K)
 Metaspace       used 89069K, committed 89664K, reserved 1130496K
  class space    used 12255K, committed 12480K, reserved 1048576K
}
Event: 10,141 GC heap before
{Heap before GC invocations=33 (full 0):
 garbage-first heap   total 141312K, used 113726K [0x0000000080000000, 0x0000000100000000)
  region size 1024K, 40 young (40960K), 3 survivors (3072K)
 Metaspace       used 92741K, committed 93376K, reserved 1130496K
  class space    used 12733K, committed 12992K, reserved 1048576K
}
Event: 10,146 GC heap after
{Heap after GC invocations=34 (full 0):
 garbage-first heap   total 141312K, used 79516K [0x0000000080000000, 0x0000000100000000)
  region size 1024K, 5 young (5120K), 5 survivors (5120K)
 Metaspace       used 92741K, committed 93376K, reserved 1130496K
  class space    used 12733K, committed 12992K, reserved 1048576K
}
Event: 10,343 GC heap before
{Heap before GC invocations=34 (full 0):
 garbage-first heap   total 141312K, used 115356K [0x0000000080000000, 0x0000000100000000)
  region size 1024K, 40 young (40960K), 5 survivors (5120K)
 Metaspace       used 93167K, committed 93824K, reserved 1130496K
  class space    used 12771K, committed 13056K, reserved 1048576K
}
Event: 10,353 GC heap after
{Heap after GC invocations=35 (full 0):
 garbage-first heap   total 282624K, used 85114K [0x0000000080000000, 0x0000000100000000)
  region size 1024K, 5 young (5120K), 5 survivors (5120K)
 Metaspace       used 93167K, committed 93824K, reserved 1130496K
  class space    used 12771K, committed 13056K, reserved 1048576K
}
Event: 11,642 GC heap before
{Heap before GC invocations=35 (full 0):
 garbage-first heap   total 282624K, used 214138K [0x0000000080000000, 0x0000000100000000)
  region size 1024K, 132 young (135168K), 5 survivors (5120K)
 Metaspace       used 97294K, committed 97984K, reserved 1138688K
  class space    used 13406K, committed 13760K, reserved 1048576K
}
Event: 11,656 GC heap after
{Heap after GC invocations=36 (full 0):
 garbage-first heap   total 282624K, used 98834K [0x0000000080000000, 0x0000000100000000)
  region size 1024K, 17 young (17408K), 17 survivors (17408K)
 Metaspace       used 97294K, committed 97984K, reserved 1138688K
  class space    used 13406K, committed 13760K, reserved 1048576K
}
Event: 23,411 GC heap before
{Heap before GC invocations=36 (full 0):
 garbage-first heap   total 282624K, used 211474K [0x0000000080000000, 0x0000000100000000)
  region size 1024K, 127 young (130048K), 17 survivors (17408K)
 Metaspace       used 104852K, committed 105536K, reserved 1146880K
  class space    used 14389K, committed 14720K, reserved 1048576K
}
Event: 23,428 GC heap after
{Heap after GC invocations=37 (full 0):
 garbage-first heap   total 282624K, used 106792K [0x0000000080000000, 0x0000000100000000)
  region size 1024K, 10 young (10240K), 10 survivors (10240K)
 Metaspace       used 104852K, committed 105536K, reserved 1146880K
  class space    used 14389K, committed 14720K, reserved 1048576K
}
Event: 24,191 GC heap before
{Heap before GC invocations=37 (full 0):
 garbage-first heap   total 282624K, used 218408K [0x0000000080000000, 0x0000000100000000)
  region size 1024K, 118 young (120832K), 10 survivors (10240K)
 Metaspace       used 112069K, committed 112832K, reserved 1146880K
  class space    used 15522K, committed 15872K, reserved 1048576K
}
Event: 24,208 GC heap after
{Heap after GC invocations=38 (full 0):
 garbage-first heap   total 282624K, used 112749K [0x0000000080000000, 0x0000000100000000)
  region size 1024K, 7 young (7168K), 7 survivors (7168K)
 Metaspace       used 112069K, committed 112832K, reserved 1146880K
  class space    used 15522K, committed 15872K, reserved 1048576K
}
Event: 26,059 GC heap before
{Heap before GC invocations=38 (full 0):
 garbage-first heap   total 282624K, used 223341K [0x0000000080000000, 0x0000000100000000)
  region size 1024K, 116 young (118784K), 7 survivors (7168K)
 Metaspace       used 123174K, committed 124032K, reserved 1163264K
  class space    used 17543K, committed 17984K, reserved 1048576K
}
Event: 26,069 GC heap after
{Heap after GC invocations=39 (full 0):
 garbage-first heap   total 282624K, used 114323K [0x0000000080000000, 0x0000000100000000)
  region size 1024K, 8 young (8192K), 8 survivors (8192K)
 Metaspace       used 123174K, committed 124032K, reserved 1163264K
  class space    used 17543K, committed 17984K, reserved 1048576K
}
Event: 26,432 GC heap before
{Heap before GC invocations=39 (full 0):
 garbage-first heap   total 282624K, used 139923K [0x0000000080000000, 0x0000000100000000)
  region size 1024K, 15 young (15360K), 8 survivors (8192K)
 Metaspace       used 124488K, committed 125376K, reserved 1163264K
  class space    used 17717K, committed 18176K, reserved 1048576K
}
Event: 26,439 GC heap after
{Heap after GC invocations=40 (full 0):
 garbage-first heap   total 282624K, used 130443K [0x0000000080000000, 0x0000000100000000)
  region size 1024K, 9 young (9216K), 9 survivors (9216K)
 Metaspace       used 124488K, committed 125376K, reserved 1163264K
  class space    used 17717K, committed 18176K, reserved 1048576K
}
Event: 245,666 GC heap before
{Heap before GC invocations=40 (full 0):
 garbage-first heap   total 282624K, used 253323K [0x0000000080000000, 0x0000000100000000)
  region size 1024K, 102 young (104448K), 9 survivors (9216K)
 Metaspace       used 126666K, committed 127552K, reserved 1163264K
  class space    used 17928K, committed 18368K, reserved 1048576K
}
Event: 245,684 GC heap after
{Heap after GC invocations=41 (full 0):
 garbage-first heap   total 282624K, used 123480K [0x0000000080000000, 0x0000000100000000)
  region size 1024K, 13 young (13312K), 13 survivors (13312K)
 Metaspace       used 126666K, committed 127552K, reserved 1163264K
  class space    used 17928K, committed 18368K, reserved 1048576K
}
Event: 1227,947 GC heap before
{Heap before GC invocations=41 (full 0):
 garbage-first heap   total 282624K, used 236120K [0x0000000080000000, 0x0000000100000000)
  region size 1024K, 112 young (114688K), 13 survivors (13312K)
 Metaspace       used 127532K, committed 128448K, reserved 1163264K
  class space    used 17966K, committed 18432K, reserved 1048576K
}

